Using pre-set license

 COMMAND LINE ARGUMENTS:
/Applications/Unity/Hub/Editor/2020.3.5f1/Unity.app/Contents/MacOS/Unity
-adb2
-batchMode
-noUpm
-name
AssetImportWorker0
-projectPath
/Users/tasha/Documents/GitHub/3d-cluster-unity/3d-cluster-unity
-logFile
Logs/AssetImportWorker0.log
-srvPort
55774
Successfully changed project path to: /Users/tasha/Documents/GitHub/3d-cluster-unity/3d-cluster-unity
/Users/tasha/Documents/GitHub/3d-cluster-unity/3d-cluster-unity
Using Asset Import Pipeline V2.
Refreshing native plugins compatible for Editor in 34.44 ms, found 1 plugins.
Preloading 0 native plugins for Editor in 0.00 ms.
Initialize engine version: 2020.3.5f1 (8095aa901b9b)
[Subsystems] Discovering subsystems at path /Applications/Unity/Hub/Editor/2020.3.5f1/Unity.app/Contents/Resources/UnitySubsystems
[Subsystems] Discovering subsystems at path /Users/tasha/Documents/GitHub/3d-cluster-unity/3d-cluster-unity/Assets
GfxDevice: creating device client; threaded=0
2021-05-04 21:13:34.240 Unity[46547:2955569] Color LCD preferred device: Intel(R) Iris(TM) Graphics 6100 (low power)
2021-05-04 21:13:34.240 Unity[46547:2955569] Metal devices available: 1
2021-05-04 21:13:34.240 Unity[46547:2955569] 0: Intel(R) Iris(TM) Graphics 6100 (low power)
2021-05-04 21:13:34.241 Unity[46547:2955569] Using device Intel(R) Iris(TM) Graphics 6100 (low power)
Initializing Metal device caps: Intel(R) Iris(TM) Graphics 6100
Initialize mono
Mono path[0] = '/Applications/Unity/Hub/Editor/2020.3.5f1/Unity.app/Contents/Managed'
Mono path[1] = '/Applications/Unity/Hub/Editor/2020.3.5f1/Unity.app/Contents/MonoBleedingEdge/lib/mono/unityjit'
Mono config path = '/Applications/Unity/Hub/Editor/2020.3.5f1/Unity.app/Contents/MonoBleedingEdge/etc'
Using monoOptions --debugger-agent=transport=dt_socket,embedding=1,server=y,suspend=n,address=127.0.0.1:56547
Begin MonoManager ReloadAssembly
Registering precompiled unity dll's ...
Register platform support module: /Applications/Unity/Hub/Editor/2020.3.5f1/PlaybackEngines/WebGLSupport/UnityEditor.WebGL.Extensions.dll
Register platform support module: /Applications/Unity/Hub/Editor/2020.3.5f1/Unity.app/Contents/PlaybackEngines/MacStandaloneSupport/UnityEditor.OSXStandalone.Extensions.dll
Registered in 0.003139 seconds.
Native extension for OSXStandalone target not found
Native extension for WebGL target not found
Refreshing native plugins compatible for Editor in 31.57 ms, found 1 plugins.
Preloading 0 native plugins for Editor in 0.00 ms.
Mono: successfully reloaded assembly
- Completed reload, in  4.133 seconds
Platform modules already initialized, skipping
Registering precompiled user dll's ...
Registered in 0.002045 seconds.
Begin MonoManager ReloadAssembly
Native extension for OSXStandalone target not found
Native extension for WebGL target not found
Refreshing native plugins compatible for Editor in 0.22 ms, found 1 plugins.
Preloading 0 native plugins for Editor in 0.00 ms.
Mono: successfully reloaded assembly
- Completed reload, in  1.266 seconds
Platform modules already initialized, skipping
========================================================================
Worker process is ready to serve import requests
Launching external process: /Applications/Unity/Hub/Editor/2020.3.5f1/Unity.app/Contents/Tools/UnityShaderCompiler
Launched and connected shader compiler UnityShaderCompiler after 0.02 seconds
Refreshing native plugins compatible for Editor in 0.24 ms, found 1 plugins.
Preloading 0 native plugins for Editor in 0.00 ms.
Unloading 1117 Unused Serialized files (Serialized files now loaded: 0)
System memory in use before: 181.8 MB.
System memory in use after: 181.8 MB.

Unloading 10 unused Assets to reduce memory usage. Loaded Objects now: 1562.
Total: 2.693002 ms (FindLiveObjects: 0.304969 ms CreateObjectMapping: 0.079028 ms MarkObjects: 2.202025 ms  DeleteObjects: 0.105228 ms)

========================================================================
Received Import Request.
  path: Assets/MoveFollowingObject.cs
  artifactKey: Guid(6f7afb029ee0b434aabe453cee5c06e3) Importer(815301076,1909f56bfc062723c751e8b465ee728b)
Start importing Assets/MoveFollowingObject.cs using Guid(6f7afb029ee0b434aabe453cee5c06e3) Importer(815301076,1909f56bfc062723c751e8b465ee728b)  -> (artifact id: '9da3471eed201215d912e15928c08ae1') in 0.514129 seconds
  Import took 0.517657 seconds .

